2015-08-31 05:40:32 Error: [MissingComponentException] Component class ToolbarComponent could not be found.
Exception Attributes: array (
  'class' => 'ToolbarComponent',
  'plugin' => 'DebugKit',
)
Request URL: /sfcoin_v2/
Stack Trace:
#0 /Applications/MAMP/htdocs/sfcoin_v2/lib/Cake/Controller/ComponentCollection.php(53): ComponentCollection->load('DebugKit.Toolba...', Array)
#1 /Applications/MAMP/htdocs/sfcoin_v2/lib/Cake/Controller/Controller.php(643): ComponentCollection->init(Object(PagesController))
#2 /Applications/MAMP/htdocs/sfcoin_v2/lib/Cake/Routing/Dispatcher.php(188): Controller->constructClasses()
#3 /Applications/MAMP/htdocs/sfcoin_v2/lib/Cake/Routing/Dispatcher.php(167): Dispatcher->_invoke(Object(PagesController), Object(CakeRequest))
#4 /Applications/MAMP/htdocs/sfcoin_v2/app/webroot/index.php(118): Dispatcher->dispatch(Object(CakeRequest), Object(CakeResponse))
#5 {main}
2015-08-31 05:44:04 Error: [MissingComponentException] Component class ToolbarComponent could not be found.
Exception Attributes: array (
  'class' => 'ToolbarComponent',
  'plugin' => 'DebugKit',
)
Request URL: /sfcoin_v2/
Stack Trace:
#0 /Applications/MAMP/htdocs/sfcoin_v2/lib/Cake/Controller/ComponentCollection.php(53): ComponentCollection->load('DebugKit.Toolba...', Array)
#1 /Applications/MAMP/htdocs/sfcoin_v2/lib/Cake/Controller/Controller.php(643): ComponentCollection->init(Object(PagesController))
#2 /Applications/MAMP/htdocs/sfcoin_v2/lib/Cake/Routing/Dispatcher.php(188): Controller->constructClasses()
#3 /Applications/MAMP/htdocs/sfcoin_v2/lib/Cake/Routing/Dispatcher.php(167): Dispatcher->_invoke(Object(PagesController), Object(CakeRequest))
#4 /Applications/MAMP/htdocs/sfcoin_v2/app/webroot/index.php(118): Dispatcher->dispatch(Object(CakeRequest), Object(CakeResponse))
#5 {main}
2015-08-31 05:44:05 Error: [MissingComponentException] Component class ToolbarComponent could not be found.
Exception Attributes: array (
  'class' => 'ToolbarComponent',
  'plugin' => 'DebugKit',
)
Request URL: /sfcoin_v2/
Stack Trace:
#0 /Applications/MAMP/htdocs/sfcoin_v2/lib/Cake/Controller/ComponentCollection.php(53): ComponentCollection->load('DebugKit.Toolba...', Array)
#1 /Applications/MAMP/htdocs/sfcoin_v2/lib/Cake/Controller/Controller.php(643): ComponentCollection->init(Object(PagesController))
#2 /Applications/MAMP/htdocs/sfcoin_v2/lib/Cake/Routing/Dispatcher.php(188): Controller->constructClasses()
#3 /Applications/MAMP/htdocs/sfcoin_v2/lib/Cake/Routing/Dispatcher.php(167): Dispatcher->_invoke(Object(PagesController), Object(CakeRequest))
#4 /Applications/MAMP/htdocs/sfcoin_v2/app/webroot/index.php(118): Dispatcher->dispatch(Object(CakeRequest), Object(CakeResponse))
#5 {main}
2015-08-31 06:18:10 Error: [MissingControllerException] Controller class UsersController could not be found.
Exception Attributes: array (
  'class' => 'UsersController',
  'plugin' => NULL,
)
Request URL: /sfcoin_v2/users/
Stack Trace:
#0 /Applications/MAMP/htdocs/sfcoin_v2/app/webroot/index.php(118): Dispatcher->dispatch(Object(CakeRequest), Object(CakeResponse))
#1 {main}
2015-08-31 06:18:21 Error: [MissingControllerException] Controller class WalletController could not be found.
Exception Attributes: array (
  'class' => 'WalletController',
  'plugin' => NULL,
)
Request URL: /sfcoin_v2/wallet
Stack Trace:
#0 /Applications/MAMP/htdocs/sfcoin_v2/app/webroot/index.php(118): Dispatcher->dispatch(Object(CakeRequest), Object(CakeResponse))
#1 {main}
2015-08-31 06:24:26 Error: Fatal Error (4): syntax error, unexpected 'index' (T_STRING), expecting variable (T_VARIABLE) in [/Applications/MAMP/htdocs/sfcoin_v2/app/Controller/WalletController.php, line 5]
2015-08-31 06:24:26 Error: [FatalErrorException] syntax error, unexpected 'index' (T_STRING), expecting variable (T_VARIABLE)
Request URL: /sfcoin_v2/wallet
Stack Trace:
#0 /Applications/MAMP/htdocs/sfcoin_v2/lib/Cake/Error/ErrorHandler.php(213): ErrorHandler::handleFatalError(4, 'syntax error, u...', '/Applications/M...', 5)
#1 [internal function]: ErrorHandler::handleError(4, 'syntax error, u...', '/Applications/M...', 5, Array)
#2 /Applications/MAMP/htdocs/sfcoin_v2/lib/Cake/Core/App.php(933): call_user_func('ErrorHandler::h...', 4, 'syntax error, u...', '/Applications/M...', 5, Array)
#3 /Applications/MAMP/htdocs/sfcoin_v2/lib/Cake/Core/App.php(906): App::_checkFatalError()
#4 [internal function]: App::shutdown()
#5 {main}
2015-08-31 06:24:57 Error: Fatal Error (1): Call to a member function find() on null in [/Applications/MAMP/htdocs/sfcoin_v2/app/Controller/WalletController.php, line 6]
2015-08-31 06:24:57 Error: [FatalErrorException] Call to a member function find() on null
Request URL: /sfcoin_v2/wallet
Stack Trace:
#0 /Applications/MAMP/htdocs/sfcoin_v2/lib/Cake/Error/ErrorHandler.php(213): ErrorHandler::handleFatalError(1, 'Call to a membe...', '/Applications/M...', 6)
#1 [internal function]: ErrorHandler::handleError(1, 'Call to a membe...', '/Applications/M...', 6, Array)
#2 /Applications/MAMP/htdocs/sfcoin_v2/lib/Cake/Core/App.php(933): call_user_func('ErrorHandler::h...', 1, 'Call to a membe...', '/Applications/M...', 6, Array)
#3 /Applications/MAMP/htdocs/sfcoin_v2/lib/Cake/Core/App.php(906): App::_checkFatalError()
#4 [internal function]: App::shutdown()
#5 {main}
2015-08-31 06:26:58 Error: Fatal Error (1): Call to a member function find() on null in [/Applications/MAMP/htdocs/sfcoin_v2/app/Controller/WalletController.php, line 7]
2015-08-31 06:26:58 Error: [FatalErrorException] Call to a member function find() on null
Request URL: /sfcoin_v2/wallet
Stack Trace:
#0 /Applications/MAMP/htdocs/sfcoin_v2/lib/Cake/Error/ErrorHandler.php(213): ErrorHandler::handleFatalError(1, 'Call to a membe...', '/Applications/M...', 7)
#1 [internal function]: ErrorHandler::handleError(1, 'Call to a membe...', '/Applications/M...', 7, Array)
#2 /Applications/MAMP/htdocs/sfcoin_v2/lib/Cake/Core/App.php(933): call_user_func('ErrorHandler::h...', 1, 'Call to a membe...', '/Applications/M...', 7, Array)
#3 /Applications/MAMP/htdocs/sfcoin_v2/lib/Cake/Core/App.php(906): App::_checkFatalError()
#4 [internal function]: App::shutdown()
#5 {main}
2015-08-31 06:29:10 Error: Fatal Error (1): Call to a member function find() on null in [/Applications/MAMP/htdocs/sfcoin_v2/app/Controller/WalletController.php, line 8]
2015-08-31 06:29:10 Error: [FatalErrorException] Call to a member function find() on null
Request URL: /sfcoin_v2/wallet
Stack Trace:
#0 /Applications/MAMP/htdocs/sfcoin_v2/lib/Cake/Error/ErrorHandler.php(213): ErrorHandler::handleFatalError(1, 'Call to a membe...', '/Applications/M...', 8)
#1 [internal function]: ErrorHandler::handleError(1, 'Call to a membe...', '/Applications/M...', 8, Array)
#2 /Applications/MAMP/htdocs/sfcoin_v2/lib/Cake/Core/App.php(933): call_user_func('ErrorHandler::h...', 1, 'Call to a membe...', '/Applications/M...', 8, Array)
#3 /Applications/MAMP/htdocs/sfcoin_v2/lib/Cake/Core/App.php(906): App::_checkFatalError()
#4 [internal function]: App::shutdown()
#5 {main}
2015-08-31 06:29:28 Error: [MissingTableException] Table wallets for model wallet was not found in datasource default.
Exception Attributes: array (
  'table' => 'wallets',
  'class' => 'wallet',
  'ds' => 'default',
)
Request URL: /sfcoin_v2/wallet
Stack Trace:
#0 /Applications/MAMP/htdocs/sfcoin_v2/lib/Cake/Model/Model.php(3644): Model->setSource('wallets')
#1 /Applications/MAMP/htdocs/sfcoin_v2/lib/Cake/Model/Model.php(1387): Model->getDataSource()
#2 /Applications/MAMP/htdocs/sfcoin_v2/lib/Cake/Model/Model.php(1483): Model->schema()
#3 /Applications/MAMP/htdocs/sfcoin_v2/lib/Cake/Model/Model.php(1470): Model->hasField('title', false)
#4 /Applications/MAMP/htdocs/sfcoin_v2/lib/Cake/Model/Model.php(907): Model->hasField(Array)
#5 /Applications/MAMP/htdocs/sfcoin_v2/lib/Cake/Controller/Scaffold.php(130): Model->__get('displayField')
#6 /Applications/MAMP/htdocs/sfcoin_v2/lib/Cake/Controller/Controller.php(535): Scaffold->__construct(Object(WalletController), Object(CakeRequest))
#7 /Applications/MAMP/htdocs/sfcoin_v2/lib/Cake/Controller/Controller.php(494): Controller->_getScaffold(Object(CakeRequest))
#8 /Applications/MAMP/htdocs/sfcoin_v2/lib/Cake/Routing/Dispatcher.php(193): Controller->invokeAction(Object(CakeRequest))
#9 /Applications/MAMP/htdocs/sfcoin_v2/lib/Cake/Routing/Dispatcher.php(167): Dispatcher->_invoke(Object(WalletController), Object(CakeRequest))
#10 /Applications/MAMP/htdocs/sfcoin_v2/app/webroot/index.php(118): Dispatcher->dispatch(Object(CakeRequest), Object(CakeResponse))
#11 {main}
2015-08-31 06:33:02 Error: [MissingTableException] Table wallets for model wallet was not found in datasource default.
Exception Attributes: array (
  'table' => 'wallets',
  'class' => 'wallet',
  'ds' => 'default',
)
Request URL: /sfcoin_v2/wallet
Stack Trace:
#0 /Applications/MAMP/htdocs/sfcoin_v2/lib/Cake/Model/Model.php(3644): Model->setSource('wallets')
#1 /Applications/MAMP/htdocs/sfcoin_v2/lib/Cake/Model/Model.php(1387): Model->getDataSource()
#2 /Applications/MAMP/htdocs/sfcoin_v2/lib/Cake/Model/Model.php(1483): Model->schema()
#3 /Applications/MAMP/htdocs/sfcoin_v2/lib/Cake/Model/Model.php(1470): Model->hasField('title', false)
#4 /Applications/MAMP/htdocs/sfcoin_v2/lib/Cake/Model/Model.php(907): Model->hasField(Array)
#5 /Applications/MAMP/htdocs/sfcoin_v2/lib/Cake/Controller/Scaffold.php(130): Model->__get('displayField')
#6 /Applications/MAMP/htdocs/sfcoin_v2/lib/Cake/Controller/Controller.php(535): Scaffold->__construct(Object(WalletController), Object(CakeRequest))
#7 /Applications/MAMP/htdocs/sfcoin_v2/lib/Cake/Controller/Controller.php(494): Controller->_getScaffold(Object(CakeRequest))
#8 /Applications/MAMP/htdocs/sfcoin_v2/lib/Cake/Routing/Dispatcher.php(193): Controller->invokeAction(Object(CakeRequest))
#9 /Applications/MAMP/htdocs/sfcoin_v2/lib/Cake/Routing/Dispatcher.php(167): Dispatcher->_invoke(Object(WalletController), Object(CakeRequest))
#10 /Applications/MAMP/htdocs/sfcoin_v2/app/webroot/index.php(118): Dispatcher->dispatch(Object(CakeRequest), Object(CakeResponse))
#11 {main}
2015-08-31 06:36:45 Error: [MissingTableException] Table wallets for model wallet was not found in datasource default.
Exception Attributes: array (
  'table' => 'wallets',
  'class' => 'wallet',
  'ds' => 'default',
)
Request URL: /sfcoin_v2/wallet
Stack Trace:
#0 /Applications/MAMP/htdocs/sfcoin_v2/lib/Cake/Model/Model.php(3644): Model->setSource('wallets')
#1 /Applications/MAMP/htdocs/sfcoin_v2/lib/Cake/Model/Model.php(1387): Model->getDataSource()
#2 /Applications/MAMP/htdocs/sfcoin_v2/lib/Cake/Model/Model.php(1483): Model->schema()
#3 /Applications/MAMP/htdocs/sfcoin_v2/lib/Cake/Model/Model.php(1470): Model->hasField('title', false)
#4 /Applications/MAMP/htdocs/sfcoin_v2/lib/Cake/Model/Model.php(907): Model->hasField(Array)
#5 /Applications/MAMP/htdocs/sfcoin_v2/lib/Cake/Controller/Scaffold.php(130): Model->__get('displayField')
#6 /Applications/MAMP/htdocs/sfcoin_v2/lib/Cake/Controller/Controller.php(535): Scaffold->__construct(Object(WalletController), Object(CakeRequest))
#7 /Applications/MAMP/htdocs/sfcoin_v2/lib/Cake/Controller/Controller.php(494): Controller->_getScaffold(Object(CakeRequest))
#8 /Applications/MAMP/htdocs/sfcoin_v2/lib/Cake/Routing/Dispatcher.php(193): Controller->invokeAction(Object(CakeRequest))
#9 /Applications/MAMP/htdocs/sfcoin_v2/lib/Cake/Routing/Dispatcher.php(167): Dispatcher->_invoke(Object(WalletController), Object(CakeRequest))
#10 /Applications/MAMP/htdocs/sfcoin_v2/app/webroot/index.php(118): Dispatcher->dispatch(Object(CakeRequest), Object(CakeResponse))
#11 {main}
2015-08-31 06:42:40 Error: Fatal Error (1): Call to a member function find() on null in [/Applications/MAMP/htdocs/sfcoin_v2/app/Controller/WalletController.php, line 7]
2015-08-31 06:42:40 Error: [FatalErrorException] Call to a member function find() on null
Request URL: /sfcoin_v2/wallet
Stack Trace:
#0 /Applications/MAMP/htdocs/sfcoin_v2/lib/Cake/Error/ErrorHandler.php(213): ErrorHandler::handleFatalError(1, 'Call to a membe...', '/Applications/M...', 7)
#1 [internal function]: ErrorHandler::handleError(1, 'Call to a membe...', '/Applications/M...', 7, Array)
#2 /Applications/MAMP/htdocs/sfcoin_v2/lib/Cake/Core/App.php(933): call_user_func('ErrorHandler::h...', 1, 'Call to a membe...', '/Applications/M...', 7, Array)
#3 /Applications/MAMP/htdocs/sfcoin_v2/lib/Cake/Core/App.php(906): App::_checkFatalError()
#4 [internal function]: App::shutdown()
#5 {main}
2015-08-31 06:44:29 Error: Fatal Error (1): Call to a member function find() on null in [/Applications/MAMP/htdocs/sfcoin_v2/app/Controller/WalletController.php, line 7]
2015-08-31 06:44:29 Error: [FatalErrorException] Call to a member function find() on null
Request URL: /sfcoin_v2/wallet
Stack Trace:
#0 /Applications/MAMP/htdocs/sfcoin_v2/lib/Cake/Error/ErrorHandler.php(213): ErrorHandler::handleFatalError(1, 'Call to a membe...', '/Applications/M...', 7)
#1 [internal function]: ErrorHandler::handleError(1, 'Call to a membe...', '/Applications/M...', 7, Array)
#2 /Applications/MAMP/htdocs/sfcoin_v2/lib/Cake/Core/App.php(933): call_user_func('ErrorHandler::h...', 1, 'Call to a membe...', '/Applications/M...', 7, Array)
#3 /Applications/MAMP/htdocs/sfcoin_v2/lib/Cake/Core/App.php(906): App::_checkFatalError()
#4 [internal function]: App::shutdown()
#5 {main}
2015-08-31 06:46:08 Error: Fatal Error (1): Call to a member function find() on null in [/Applications/MAMP/htdocs/sfcoin_v2/app/Controller/WalletController.php, line 7]
2015-08-31 06:46:08 Error: [FatalErrorException] Call to a member function find() on null
Request URL: /sfcoin_v2/wallet
Stack Trace:
#0 /Applications/MAMP/htdocs/sfcoin_v2/lib/Cake/Error/ErrorHandler.php(213): ErrorHandler::handleFatalError(1, 'Call to a membe...', '/Applications/M...', 7)
#1 [internal function]: ErrorHandler::handleError(1, 'Call to a membe...', '/Applications/M...', 7, Array)
#2 /Applications/MAMP/htdocs/sfcoin_v2/lib/Cake/Core/App.php(933): call_user_func('ErrorHandler::h...', 1, 'Call to a membe...', '/Applications/M...', 7, Array)
#3 /Applications/MAMP/htdocs/sfcoin_v2/lib/Cake/Core/App.php(906): App::_checkFatalError()
#4 [internal function]: App::shutdown()
#5 {main}
2015-08-31 06:47:45 Error: Fatal Error (1): Call to a member function find() on null in [/Applications/MAMP/htdocs/sfcoin_v2/app/Controller/WalletController.php, line 7]
2015-08-31 06:47:45 Error: [FatalErrorException] Call to a member function find() on null
Request URL: /sfcoin_v2/wallet
Stack Trace:
#0 /Applications/MAMP/htdocs/sfcoin_v2/lib/Cake/Error/ErrorHandler.php(213): ErrorHandler::handleFatalError(1, 'Call to a membe...', '/Applications/M...', 7)
#1 [internal function]: ErrorHandler::handleError(1, 'Call to a membe...', '/Applications/M...', 7, Array)
#2 /Applications/MAMP/htdocs/sfcoin_v2/lib/Cake/Core/App.php(933): call_user_func('ErrorHandler::h...', 1, 'Call to a membe...', '/Applications/M...', 7, Array)
#3 /Applications/MAMP/htdocs/sfcoin_v2/lib/Cake/Core/App.php(906): App::_checkFatalError()
#4 [internal function]: App::shutdown()
#5 {main}
2015-08-31 06:47:47 Error: Fatal Error (1): Call to a member function find() on null in [/Applications/MAMP/htdocs/sfcoin_v2/app/Controller/WalletController.php, line 7]
2015-08-31 06:47:47 Error: [FatalErrorException] Call to a member function find() on null
Request URL: /sfcoin_v2/wallet
Stack Trace:
#0 /Applications/MAMP/htdocs/sfcoin_v2/lib/Cake/Error/ErrorHandler.php(213): ErrorHandler::handleFatalError(1, 'Call to a membe...', '/Applications/M...', 7)
#1 [internal function]: ErrorHandler::handleError(1, 'Call to a membe...', '/Applications/M...', 7, Array)
#2 /Applications/MAMP/htdocs/sfcoin_v2/lib/Cake/Core/App.php(933): call_user_func('ErrorHandler::h...', 1, 'Call to a membe...', '/Applications/M...', 7, Array)
#3 /Applications/MAMP/htdocs/sfcoin_v2/lib/Cake/Core/App.php(906): App::_checkFatalError()
#4 [internal function]: App::shutdown()
#5 {main}
2015-08-31 06:54:04 Error: [MissingControllerException] Controller class WalletController could not be found.
Exception Attributes: array (
  'class' => 'WalletController',
  'plugin' => NULL,
)
Request URL: /sfcoin_v2/wallet
Stack Trace:
#0 /Applications/MAMP/htdocs/sfcoin_v2/app/webroot/index.php(118): Dispatcher->dispatch(Object(CakeRequest), Object(CakeResponse))
#1 {main}
2015-08-31 06:54:12 Error: [MissingViewException] View file "Wallets/index.ctp" is missing.
Exception Attributes: array (
  'file' => 'Wallets/index.ctp',
)
Request URL: /sfcoin_v2/wallets
Stack Trace:
#0 /Applications/MAMP/htdocs/sfcoin_v2/lib/Cake/View/View.php(470): View->_getViewFileName(NULL)
#1 /Applications/MAMP/htdocs/sfcoin_v2/lib/Cake/Controller/Controller.php(960): View->render(NULL, NULL)
#2 /Applications/MAMP/htdocs/sfcoin_v2/lib/Cake/Routing/Dispatcher.php(200): Controller->render()
#3 /Applications/MAMP/htdocs/sfcoin_v2/lib/Cake/Routing/Dispatcher.php(167): Dispatcher->_invoke(Object(WalletsController), Object(CakeRequest))
#4 /Applications/MAMP/htdocs/sfcoin_v2/app/webroot/index.php(118): Dispatcher->dispatch(Object(CakeRequest), Object(CakeResponse))
#5 {main}
2015-08-31 06:54:51 Error: [MissingControllerException] Controller class WalletsController could not be found.
Exception Attributes: array (
  'class' => 'WalletsController',
  'plugin' => NULL,
)
Request URL: /sfcoin_v2/wallets
Stack Trace:
#0 /Applications/MAMP/htdocs/sfcoin_v2/app/webroot/index.php(118): Dispatcher->dispatch(Object(CakeRequest), Object(CakeResponse))
#1 {main}
2015-08-31 06:54:53 Error: [MissingViewException] View file "Wallet/index.ctp" is missing.
Exception Attributes: array (
  'file' => 'Wallet/index.ctp',
)
Request URL: /sfcoin_v2/wallet
Stack Trace:
#0 /Applications/MAMP/htdocs/sfcoin_v2/lib/Cake/View/View.php(470): View->_getViewFileName(NULL)
#1 /Applications/MAMP/htdocs/sfcoin_v2/lib/Cake/Controller/Controller.php(960): View->render(NULL, NULL)
#2 /Applications/MAMP/htdocs/sfcoin_v2/lib/Cake/Routing/Dispatcher.php(200): Controller->render()
#3 /Applications/MAMP/htdocs/sfcoin_v2/lib/Cake/Routing/Dispatcher.php(167): Dispatcher->_invoke(Object(WalletController), Object(CakeRequest))
#4 /Applications/MAMP/htdocs/sfcoin_v2/app/webroot/index.php(118): Dispatcher->dispatch(Object(CakeRequest), Object(CakeResponse))
#5 {main}
2015-08-31 06:59:24 Error: Fatal Error (4): syntax error, unexpected '=>' (T_DOUBLE_ARROW) in [/Applications/MAMP/htdocs/sfcoin_v2/app/Controller/WalletController.php, line 7]
2015-08-31 06:59:24 Error: [FatalErrorException] syntax error, unexpected '=>' (T_DOUBLE_ARROW)
Request URL: /sfcoin_v2/wallet
Stack Trace:
#0 /Applications/MAMP/htdocs/sfcoin_v2/lib/Cake/Error/ErrorHandler.php(213): ErrorHandler::handleFatalError(4, 'syntax error, u...', '/Applications/M...', 7)
#1 [internal function]: ErrorHandler::handleError(4, 'syntax error, u...', '/Applications/M...', 7, Array)
#2 /Applications/MAMP/htdocs/sfcoin_v2/lib/Cake/Core/App.php(933): call_user_func('ErrorHandler::h...', 4, 'syntax error, u...', '/Applications/M...', 7, Array)
#3 /Applications/MAMP/htdocs/sfcoin_v2/lib/Cake/Core/App.php(906): App::_checkFatalError()
#4 [internal function]: App::shutdown()
#5 {main}
2015-08-31 07:11:33 Error: Fatal Error (1): Call to a member function find() on null in [/Applications/MAMP/htdocs/sfcoin_v2/app/Controller/WalletController.php, line 7]
2015-08-31 07:11:33 Error: [FatalErrorException] Call to a member function find() on null
Request URL: /sfcoin_v2/wallet
Stack Trace:
#0 /Applications/MAMP/htdocs/sfcoin_v2/lib/Cake/Error/ErrorHandler.php(213): ErrorHandler::handleFatalError(1, 'Call to a membe...', '/Applications/M...', 7)
#1 [internal function]: ErrorHandler::handleError(1, 'Call to a membe...', '/Applications/M...', 7, Array)
#2 /Applications/MAMP/htdocs/sfcoin_v2/lib/Cake/Core/App.php(933): call_user_func('ErrorHandler::h...', 1, 'Call to a membe...', '/Applications/M...', 7, Array)
#3 /Applications/MAMP/htdocs/sfcoin_v2/lib/Cake/Core/App.php(906): App::_checkFatalError()
#4 [internal function]: App::shutdown()
#5 {main}
2015-08-31 07:37:21 Error: Fatal Error (4): syntax error, unexpected '=>' (T_DOUBLE_ARROW) in [/Applications/MAMP/htdocs/sfcoin_v2/app/Controller/WalletController.php, line 7]
2015-08-31 07:37:21 Error: [FatalErrorException] syntax error, unexpected '=>' (T_DOUBLE_ARROW)
Request URL: /sfcoin_v2/wallet
Stack Trace:
#0 /Applications/MAMP/htdocs/sfcoin_v2/lib/Cake/Error/ErrorHandler.php(213): ErrorHandler::handleFatalError(4, 'syntax error, u...', '/Applications/M...', 7)
#1 [internal function]: ErrorHandler::handleError(4, 'syntax error, u...', '/Applications/M...', 7, Array)
#2 /Applications/MAMP/htdocs/sfcoin_v2/lib/Cake/Core/App.php(933): call_user_func('ErrorHandler::h...', 4, 'syntax error, u...', '/Applications/M...', 7, Array)
#3 /Applications/MAMP/htdocs/sfcoin_v2/lib/Cake/Core/App.php(906): App::_checkFatalError()
#4 [internal function]: App::shutdown()
#5 {main}
2015-08-31 08:41:05 Error: Fatal Error (4): syntax error, unexpected '$datas' (T_VARIABLE) in [/Applications/MAMP/htdocs/sfcoin_v2/app/Controller/WalletController.php, line 12]
2015-08-31 08:41:05 Error: [FatalErrorException] syntax error, unexpected '$datas' (T_VARIABLE)
Request URL: /sfcoin_v2/wallet
Stack Trace:
#0 /Applications/MAMP/htdocs/sfcoin_v2/lib/Cake/Error/ErrorHandler.php(213): ErrorHandler::handleFatalError(4, 'syntax error, u...', '/Applications/M...', 12)
#1 [internal function]: ErrorHandler::handleError(4, 'syntax error, u...', '/Applications/M...', 12, Array)
#2 /Applications/MAMP/htdocs/sfcoin_v2/lib/Cake/Core/App.php(933): call_user_func('ErrorHandler::h...', 4, 'syntax error, u...', '/Applications/M...', 12, Array)
#3 /Applications/MAMP/htdocs/sfcoin_v2/lib/Cake/Core/App.php(906): App::_checkFatalError()
#4 [internal function]: App::shutdown()
#5 {main}
2015-08-31 08:44:01 Error: Fatal Error (4): syntax error, unexpected '$datas' (T_VARIABLE) in [/Applications/MAMP/htdocs/sfcoin_v2/app/Controller/WalletController.php, line 12]
2015-08-31 08:44:01 Error: [FatalErrorException] syntax error, unexpected '$datas' (T_VARIABLE)
Request URL: /sfcoin_v2/wallet
Stack Trace:
#0 /Applications/MAMP/htdocs/sfcoin_v2/lib/Cake/Error/ErrorHandler.php(213): ErrorHandler::handleFatalError(4, 'syntax error, u...', '/Applications/M...', 12)
#1 [internal function]: ErrorHandler::handleError(4, 'syntax error, u...', '/Applications/M...', 12, Array)
#2 /Applications/MAMP/htdocs/sfcoin_v2/lib/Cake/Core/App.php(933): call_user_func('ErrorHandler::h...', 4, 'syntax error, u...', '/Applications/M...', 12, Array)
#3 /Applications/MAMP/htdocs/sfcoin_v2/lib/Cake/Core/App.php(906): App::_checkFatalError()
#4 [internal function]: App::shutdown()
#5 {main}
2015-08-31 08:45:46 Error: Fatal Error (4): syntax error, unexpected ')' in [/Applications/MAMP/htdocs/sfcoin_v2/app/Controller/SentController.php, line 12]
2015-08-31 08:45:46 Error: [FatalErrorException] syntax error, unexpected ')'
Request URL: /sfcoin_v2/sent
Stack Trace:
#0 /Applications/MAMP/htdocs/sfcoin_v2/lib/Cake/Error/ErrorHandler.php(213): ErrorHandler::handleFatalError(4, 'syntax error, u...', '/Applications/M...', 12)
#1 [internal function]: ErrorHandler::handleError(4, 'syntax error, u...', '/Applications/M...', 12, Array)
#2 /Applications/MAMP/htdocs/sfcoin_v2/lib/Cake/Core/App.php(933): call_user_func('ErrorHandler::h...', 4, 'syntax error, u...', '/Applications/M...', 12, Array)
#3 /Applications/MAMP/htdocs/sfcoin_v2/lib/Cake/Core/App.php(906): App::_checkFatalError()
#4 [internal function]: App::shutdown()
#5 {main}
2015-08-31 08:46:20 Error: [MissingViewException] View file "Sent/index.ctp" is missing.
Exception Attributes: array (
  'file' => 'Sent/index.ctp',
)
Request URL: /sfcoin_v2/sent
Stack Trace:
#0 /Applications/MAMP/htdocs/sfcoin_v2/lib/Cake/View/View.php(470): View->_getViewFileName(NULL)
#1 /Applications/MAMP/htdocs/sfcoin_v2/lib/Cake/Controller/Controller.php(960): View->render(NULL, NULL)
#2 /Applications/MAMP/htdocs/sfcoin_v2/lib/Cake/Routing/Dispatcher.php(200): Controller->render()
#3 /Applications/MAMP/htdocs/sfcoin_v2/lib/Cake/Routing/Dispatcher.php(167): Dispatcher->_invoke(Object(SentController), Object(CakeRequest))
#4 /Applications/MAMP/htdocs/sfcoin_v2/app/webroot/index.php(118): Dispatcher->dispatch(Object(CakeRequest), Object(CakeResponse))
#5 {main}
2015-08-31 08:54:08 Error: [MissingViewException] View file "Sent/index.ctp" is missing.
Exception Attributes: array (
  'file' => 'Sent/index.ctp',
)
Request URL: /sfcoin_v2/sent
Stack Trace:
#0 /Applications/MAMP/htdocs/sfcoin_v2/lib/Cake/View/View.php(470): View->_getViewFileName(NULL)
#1 /Applications/MAMP/htdocs/sfcoin_v2/lib/Cake/Controller/Controller.php(960): View->render(NULL, NULL)
#2 /Applications/MAMP/htdocs/sfcoin_v2/lib/Cake/Routing/Dispatcher.php(200): Controller->render()
#3 /Applications/MAMP/htdocs/sfcoin_v2/lib/Cake/Routing/Dispatcher.php(167): Dispatcher->_invoke(Object(SentController), Object(CakeRequest))
#4 /Applications/MAMP/htdocs/sfcoin_v2/app/webroot/index.php(118): Dispatcher->dispatch(Object(CakeRequest), Object(CakeResponse))
#5 {main}
2015-08-31 08:54:12 Error: [MissingViewException] View file "Sent/index.ctp" is missing.
Exception Attributes: array (
  'file' => 'Sent/index.ctp',
)
Request URL: /sfcoin_v2/sent
Stack Trace:
#0 /Applications/MAMP/htdocs/sfcoin_v2/lib/Cake/View/View.php(470): View->_getViewFileName(NULL)
#1 /Applications/MAMP/htdocs/sfcoin_v2/lib/Cake/Controller/Controller.php(960): View->render(NULL, NULL)
#2 /Applications/MAMP/htdocs/sfcoin_v2/lib/Cake/Routing/Dispatcher.php(200): Controller->render()
#3 /Applications/MAMP/htdocs/sfcoin_v2/lib/Cake/Routing/Dispatcher.php(167): Dispatcher->_invoke(Object(SentController), Object(CakeRequest))
#4 /Applications/MAMP/htdocs/sfcoin_v2/app/webroot/index.php(118): Dispatcher->dispatch(Object(CakeRequest), Object(CakeResponse))
#5 {main}
2015-08-31 08:54:48 Error: [MissingViewException] View file "Sent/index.ctp" is missing.
Exception Attributes: array (
  'file' => 'Sent/index.ctp',
)
Request URL: /sfcoin_v2/sent
Stack Trace:
#0 /Applications/MAMP/htdocs/sfcoin_v2/lib/Cake/View/View.php(470): View->_getViewFileName(NULL)
#1 /Applications/MAMP/htdocs/sfcoin_v2/lib/Cake/Controller/Controller.php(960): View->render(NULL, NULL)
#2 /Applications/MAMP/htdocs/sfcoin_v2/lib/Cake/Routing/Dispatcher.php(200): Controller->render()
#3 /Applications/MAMP/htdocs/sfcoin_v2/lib/Cake/Routing/Dispatcher.php(167): Dispatcher->_invoke(Object(SentController), Object(CakeRequest))
#4 /Applications/MAMP/htdocs/sfcoin_v2/app/webroot/index.php(118): Dispatcher->dispatch(Object(CakeRequest), Object(CakeResponse))
#5 {main}
2015-08-31 08:55:16 Error: Fatal Error (4): syntax error, unexpected '->' (T_OBJECT_OPERATOR), expecting ',' or ';' in [/Applications/MAMP/htdocs/sfcoin_v2/app/View/Sent/index.ctp, line 5]
2015-08-31 08:55:16 Error: [FatalErrorException] syntax error, unexpected '->' (T_OBJECT_OPERATOR), expecting ',' or ';'
Request URL: /sfcoin_v2/sent
Stack Trace:
#0 /Applications/MAMP/htdocs/sfcoin_v2/lib/Cake/Error/ErrorHandler.php(213): ErrorHandler::handleFatalError(4, 'syntax error, u...', '/Applications/M...', 5)
#1 [internal function]: ErrorHandler::handleError(4, 'syntax error, u...', '/Applications/M...', 5, Array)
#2 /Applications/MAMP/htdocs/sfcoin_v2/lib/Cake/Core/App.php(933): call_user_func('ErrorHandler::h...', 4, 'syntax error, u...', '/Applications/M...', 5, Array)
#3 /Applications/MAMP/htdocs/sfcoin_v2/lib/Cake/Core/App.php(906): App::_checkFatalError()
#4 [internal function]: App::shutdown()
#5 {main}
2015-08-31 08:55:58 Error: [MissingActionException] Action SentController::action() could not be found.
Exception Attributes: array (
  'controller' => 'SentController',
  'action' => 'action',
)
Request URL: /sfcoin_v2/sent/action
Stack Trace:
#0 /Applications/MAMP/htdocs/sfcoin_v2/lib/Cake/Routing/Dispatcher.php(193): Controller->invokeAction(Object(CakeRequest))
#1 /Applications/MAMP/htdocs/sfcoin_v2/lib/Cake/Routing/Dispatcher.php(167): Dispatcher->_invoke(Object(SentController), Object(CakeRequest))
#2 /Applications/MAMP/htdocs/sfcoin_v2/app/webroot/index.php(118): Dispatcher->dispatch(Object(CakeRequest), Object(CakeResponse))
#3 {main}
2015-08-31 09:01:22 Error: Fatal Error (4): syntax error, unexpected '->' (T_OBJECT_OPERATOR) in [/Applications/MAMP/htdocs/sfcoin_v2/app/Controller/SentController.php, line 20]
2015-08-31 09:01:22 Error: [FatalErrorException] syntax error, unexpected '->' (T_OBJECT_OPERATOR)
Request URL: /sfcoin_v2/sent/action
Stack Trace:
#0 /Applications/MAMP/htdocs/sfcoin_v2/lib/Cake/Error/ErrorHandler.php(213): ErrorHandler::handleFatalError(4, 'syntax error, u...', '/Applications/M...', 20)
#1 [internal function]: ErrorHandler::handleError(4, 'syntax error, u...', '/Applications/M...', 20, Array)
#2 /Applications/MAMP/htdocs/sfcoin_v2/lib/Cake/Core/App.php(933): call_user_func('ErrorHandler::h...', 4, 'syntax error, u...', '/Applications/M...', 20, Array)
#3 /Applications/MAMP/htdocs/sfcoin_v2/lib/Cake/Core/App.php(906): App::_checkFatalError()
#4 [internal function]: App::shutdown()
#5 {main}
2015-08-31 09:01:49 Error: Fatal Error (1): Class 'Sanitaize' not found in [/Applications/MAMP/htdocs/sfcoin_v2/app/Controller/SentController.php, line 19]
2015-08-31 09:01:49 Error: [FatalErrorException] Class 'Sanitaize' not found
Request URL: /sfcoin_v2/sent/action
Stack Trace:
#0 /Applications/MAMP/htdocs/sfcoin_v2/lib/Cake/Error/ErrorHandler.php(213): ErrorHandler::handleFatalError(1, 'Class 'Sanitaiz...', '/Applications/M...', 19)
#1 [internal function]: ErrorHandler::handleError(1, 'Class 'Sanitaiz...', '/Applications/M...', 19, Array)
#2 /Applications/MAMP/htdocs/sfcoin_v2/lib/Cake/Core/App.php(933): call_user_func('ErrorHandler::h...', 1, 'Class 'Sanitaiz...', '/Applications/M...', 19, Array)
#3 /Applications/MAMP/htdocs/sfcoin_v2/lib/Cake/Core/App.php(906): App::_checkFatalError()
#4 [internal function]: App::shutdown()
#5 {main}
2015-08-31 09:02:34 Error: Fatal Error (1): Class 'Sanitaize' not found in [/Applications/MAMP/htdocs/sfcoin_v2/app/Controller/SentController.php, line 20]
2015-08-31 09:02:34 Error: [FatalErrorException] Class 'Sanitaize' not found
Request URL: /sfcoin_v2/sent/action
Stack Trace:
#0 /Applications/MAMP/htdocs/sfcoin_v2/lib/Cake/Error/ErrorHandler.php(213): ErrorHandler::handleFatalError(1, 'Class 'Sanitaiz...', '/Applications/M...', 20)
#1 [internal function]: ErrorHandler::handleError(1, 'Class 'Sanitaiz...', '/Applications/M...', 20, Array)
#2 /Applications/MAMP/htdocs/sfcoin_v2/lib/Cake/Core/App.php(933): call_user_func('ErrorHandler::h...', 1, 'Class 'Sanitaiz...', '/Applications/M...', 20, Array)
#3 /Applications/MAMP/htdocs/sfcoin_v2/lib/Cake/Core/App.php(906): App::_checkFatalError()
#4 [internal function]: App::shutdown()
#5 {main}
2015-08-31 09:03:01 Error: Fatal Error (1): Call to undefined method Sanitize::strioAll() in [/Applications/MAMP/htdocs/sfcoin_v2/app/Controller/SentController.php, line 20]
2015-08-31 09:03:01 Error: [FatalErrorException] Call to undefined method Sanitize::strioAll()
Request URL: /sfcoin_v2/sent/action
Stack Trace:
#0 /Applications/MAMP/htdocs/sfcoin_v2/lib/Cake/Error/ErrorHandler.php(213): ErrorHandler::handleFatalError(1, 'Call to undefin...', '/Applications/M...', 20)
#1 [internal function]: ErrorHandler::handleError(1, 'Call to undefin...', '/Applications/M...', 20, Array)
#2 /Applications/MAMP/htdocs/sfcoin_v2/lib/Cake/Core/App.php(933): call_user_func('ErrorHandler::h...', 1, 'Call to undefin...', '/Applications/M...', 20, Array)
#3 /Applications/MAMP/htdocs/sfcoin_v2/lib/Cake/Core/App.php(906): App::_checkFatalError()
#4 [internal function]: App::shutdown()
#5 {main}
2015-08-31 09:32:30 Error: Fatal Error (4): syntax error, unexpected 'array' (T_ARRAY) in [/Applications/MAMP/htdocs/sfcoin_v2/app/Controller/SentController.php, line 15]
2015-08-31 09:32:30 Error: [FatalErrorException] syntax error, unexpected 'array' (T_ARRAY)
Request URL: /sfcoin_v2/sent/
Stack Trace:
#0 /Applications/MAMP/htdocs/sfcoin_v2/lib/Cake/Error/ErrorHandler.php(213): ErrorHandler::handleFatalError(4, 'syntax error, u...', '/Applications/M...', 15)
#1 [internal function]: ErrorHandler::handleError(4, 'syntax error, u...', '/Applications/M...', 15, Array)
#2 /Applications/MAMP/htdocs/sfcoin_v2/lib/Cake/Core/App.php(933): call_user_func('ErrorHandler::h...', 4, 'syntax error, u...', '/Applications/M...', 15, Array)
#3 /Applications/MAMP/htdocs/sfcoin_v2/lib/Cake/Core/App.php(906): App::_checkFatalError()
#4 [internal function]: App::shutdown()
#5 {main}
2015-08-31 09:34:44 Error: Fatal Error (4): syntax error, unexpected 'array' (T_ARRAY) in [/Applications/MAMP/htdocs/sfcoin_v2/app/Controller/SentController.php, line 17]
2015-08-31 09:34:44 Error: [FatalErrorException] syntax error, unexpected 'array' (T_ARRAY)
Request URL: /sfcoin_v2/sent/
Stack Trace:
#0 /Applications/MAMP/htdocs/sfcoin_v2/lib/Cake/Error/ErrorHandler.php(213): ErrorHandler::handleFatalError(4, 'syntax error, u...', '/Applications/M...', 17)
#1 [internal function]: ErrorHandler::handleError(4, 'syntax error, u...', '/Applications/M...', 17, Array)
#2 /Applications/MAMP/htdocs/sfcoin_v2/lib/Cake/Core/App.php(933): call_user_func('ErrorHandler::h...', 4, 'syntax error, u...', '/Applications/M...', 17, Array)
#3 /Applications/MAMP/htdocs/sfcoin_v2/lib/Cake/Core/App.php(906): App::_checkFatalError()
#4 [internal function]: App::shutdown()
#5 {main}
2015-08-31 10:17:48 Error: Fatal Error (4): syntax error, unexpected ')' in [/Applications/MAMP/htdocs/sfcoin_v2/app/Controller/SentController.php, line 21]
2015-08-31 10:17:48 Error: [FatalErrorException] syntax error, unexpected ')'
Request URL: /sfcoin_v2/sent/
Stack Trace:
#0 /Applications/MAMP/htdocs/sfcoin_v2/lib/Cake/Error/ErrorHandler.php(213): ErrorHandler::handleFatalError(4, 'syntax error, u...', '/Applications/M...', 21)
#1 [internal function]: ErrorHandler::handleError(4, 'syntax error, u...', '/Applications/M...', 21, Array)
#2 /Applications/MAMP/htdocs/sfcoin_v2/lib/Cake/Core/App.php(933): call_user_func('ErrorHandler::h...', 4, 'syntax error, u...', '/Applications/M...', 21, Array)
#3 /Applications/MAMP/htdocs/sfcoin_v2/lib/Cake/Core/App.php(906): App::_checkFatalError()
#4 [internal function]: App::shutdown()
#5 {main}
2015-08-31 16:11:06 Error: [MissingControllerException] Controller class SampleController could not be found.
Exception Attributes: array (
  'class' => 'SampleController',
  'plugin' => NULL,
)
Request URL: /sfcoin_v2/sample/
Stack Trace:
#0 /Applications/MAMP/htdocs/sfcoin_v2/app/webroot/index.php(118): Dispatcher->dispatch(Object(CakeRequest), Object(CakeResponse))
#1 {main}
2015-08-31 16:35:40 Error: Fatal Error (4): syntax error, unexpected 'else' (T_ELSE) in [/Applications/MAMP/htdocs/sfcoin_v2/app/View/Sent/action.ctp, line 5]
2015-08-31 16:35:40 Error: [FatalErrorException] syntax error, unexpected 'else' (T_ELSE)
Request URL: /sfcoin_v2/sent/action
Stack Trace:
#0 /Applications/MAMP/htdocs/sfcoin_v2/lib/Cake/Error/ErrorHandler.php(213): ErrorHandler::handleFatalError(4, 'syntax error, u...', '/Applications/M...', 5)
#1 [internal function]: ErrorHandler::handleError(4, 'syntax error, u...', '/Applications/M...', 5, Array)
#2 /Applications/MAMP/htdocs/sfcoin_v2/lib/Cake/Core/App.php(933): call_user_func('ErrorHandler::h...', 4, 'syntax error, u...', '/Applications/M...', 5, Array)
#3 /Applications/MAMP/htdocs/sfcoin_v2/lib/Cake/Core/App.php(906): App::_checkFatalError()
#4 [internal function]: App::shutdown()
#5 {main}
2015-08-31 16:36:25 Error: Fatal Error (4): syntax error, unexpected 'else' (T_ELSE) in [/Applications/MAMP/htdocs/sfcoin_v2/app/View/Sent/action.ctp, line 5]
2015-08-31 16:36:25 Error: [FatalErrorException] syntax error, unexpected 'else' (T_ELSE)
Request URL: /sfcoin_v2/sent/action
Stack Trace:
#0 /Applications/MAMP/htdocs/sfcoin_v2/lib/Cake/Error/ErrorHandler.php(213): ErrorHandler::handleFatalError(4, 'syntax error, u...', '/Applications/M...', 5)
#1 [internal function]: ErrorHandler::handleError(4, 'syntax error, u...', '/Applications/M...', 5, Array)
#2 /Applications/MAMP/htdocs/sfcoin_v2/lib/Cake/Core/App.php(933): call_user_func('ErrorHandler::h...', 4, 'syntax error, u...', '/Applications/M...', 5, Array)
#3 /Applications/MAMP/htdocs/sfcoin_v2/lib/Cake/Core/App.php(906): App::_checkFatalError()
#4 [internal function]: App::shutdown()
#5 {main}
2015-08-31 16:40:36 Error: Fatal Error (4): syntax error, unexpected '!' in [/Applications/MAMP/htdocs/sfcoin_v2/app/View/Sent/action.ctp, line 3]
2015-08-31 16:40:36 Error: [FatalErrorException] syntax error, unexpected '!'
Request URL: /sfcoin_v2/sent/action
Stack Trace:
#0 /Applications/MAMP/htdocs/sfcoin_v2/lib/Cake/Error/ErrorHandler.php(213): ErrorHandler::handleFatalError(4, 'syntax error, u...', '/Applications/M...', 3)
#1 [internal function]: ErrorHandler::handleError(4, 'syntax error, u...', '/Applications/M...', 3, Array)
#2 /Applications/MAMP/htdocs/sfcoin_v2/lib/Cake/Core/App.php(933): call_user_func('ErrorHandler::h...', 4, 'syntax error, u...', '/Applications/M...', 3, Array)
#3 /Applications/MAMP/htdocs/sfcoin_v2/lib/Cake/Core/App.php(906): App::_checkFatalError()
#4 [internal function]: App::shutdown()
#5 {main}
2015-08-31 16:46:34 Error: Fatal Error (64): Cannot use isset() on the result of a function call (you can use "null !== func()" instead) in [/Applications/MAMP/htdocs/sfcoin_v2/app/View/Sent/index.ctp, line 3]
2015-08-31 16:46:34 Error: [FatalErrorException] Cannot use isset() on the result of a function call (you can use "null !== func()" instead)
Request URL: /sfcoin_v2/sent/
Stack Trace:
#0 /Applications/MAMP/htdocs/sfcoin_v2/lib/Cake/Error/ErrorHandler.php(213): ErrorHandler::handleFatalError(64, 'Cannot use isse...', '/Applications/M...', 3)
#1 [internal function]: ErrorHandler::handleError(64, 'Cannot use isse...', '/Applications/M...', 3, Array)
#2 /Applications/MAMP/htdocs/sfcoin_v2/lib/Cake/Core/App.php(933): call_user_func('ErrorHandler::h...', 64, 'Cannot use isse...', '/Applications/M...', 3, Array)
#3 /Applications/MAMP/htdocs/sfcoin_v2/lib/Cake/Core/App.php(906): App::_checkFatalError()
#4 [internal function]: App::shutdown()
#5 {main}
2015-08-31 17:01:41 Error: Fatal Error (4): syntax error, unexpected '$userdatas' (T_VARIABLE), expecting function (T_FUNCTION) in [/Applications/MAMP/htdocs/sfcoin_v2/app/Controller/SentController.php, line 8]
2015-08-31 17:01:41 Error: [FatalErrorException] syntax error, unexpected '$userdatas' (T_VARIABLE), expecting function (T_FUNCTION)
Request URL: /sfcoin_v2/sent/
Stack Trace:
#0 /Applications/MAMP/htdocs/sfcoin_v2/lib/Cake/Error/ErrorHandler.php(213): ErrorHandler::handleFatalError(4, 'syntax error, u...', '/Applications/M...', 8)
#1 [internal function]: ErrorHandler::handleError(4, 'syntax error, u...', '/Applications/M...', 8, Array)
#2 /Applications/MAMP/htdocs/sfcoin_v2/lib/Cake/Core/App.php(933): call_user_func('ErrorHandler::h...', 4, 'syntax error, u...', '/Applications/M...', 8, Array)
#3 /Applications/MAMP/htdocs/sfcoin_v2/lib/Cake/Core/App.php(906): App::_checkFatalError()
#4 [internal function]: App::shutdown()
#5 {main}
2015-08-31 17:02:07 Error: Fatal Error (4): syntax error, unexpected '$this' (T_VARIABLE) in [/Applications/MAMP/htdocs/sfcoin_v2/app/Controller/SentController.php, line 8]
2015-08-31 17:02:07 Error: [FatalErrorException] syntax error, unexpected '$this' (T_VARIABLE)
Request URL: /sfcoin_v2/sent/
Stack Trace:
#0 /Applications/MAMP/htdocs/sfcoin_v2/lib/Cake/Error/ErrorHandler.php(213): ErrorHandler::handleFatalError(4, 'syntax error, u...', '/Applications/M...', 8)
#1 [internal function]: ErrorHandler::handleError(4, 'syntax error, u...', '/Applications/M...', 8, Array)
#2 /Applications/MAMP/htdocs/sfcoin_v2/lib/Cake/Core/App.php(933): call_user_func('ErrorHandler::h...', 4, 'syntax error, u...', '/Applications/M...', 8, Array)
#3 /Applications/MAMP/htdocs/sfcoin_v2/lib/Cake/Core/App.php(906): App::_checkFatalError()
#4 [internal function]: App::shutdown()
#5 {main}
2015-08-31 17:05:56 Error: [PDOException] SQLSTATE[42S22]: Column not found: 1054 Unknown column 'walletid' in 'where clause'
Request URL: /sfcoin_v2/sent/action
Stack Trace:
#0 /Applications/MAMP/htdocs/sfcoin_v2/lib/Cake/Model/Datasource/DboSource.php(460): PDOStatement->execute(Array)
#1 /Applications/MAMP/htdocs/sfcoin_v2/lib/Cake/Model/Datasource/DboSource.php(426): DboSource->_execute('SELECT `Wallet`...', Array)
#2 /Applications/MAMP/htdocs/sfcoin_v2/lib/Cake/Model/Datasource/DboSource.php(668): DboSource->execute('SELECT `Wallet`...', Array, Array)
#3 /Applications/MAMP/htdocs/sfcoin_v2/lib/Cake/Model/Datasource/DboSource.php(1106): DboSource->fetchAll('SELECT `Wallet`...', false)
#4 /Applications/MAMP/htdocs/sfcoin_v2/lib/Cake/Model/Model.php(3022): DboSource->read(Object(Wallet), Array)
#5 /Applications/MAMP/htdocs/sfcoin_v2/lib/Cake/Model/Model.php(2994): Model->_readDataSource('Wallet.coin', Array)
#6 /Applications/MAMP/htdocs/sfcoin_v2/app/Controller/SentController.php(46): Model->find('Wallet.coin', Array)
#7 [internal function]: SentController->action()
#8 /Applications/MAMP/htdocs/sfcoin_v2/lib/Cake/Controller/Controller.php(490): ReflectionMethod->invokeArgs(Object(SentController), Array)
#9 /Applications/MAMP/htdocs/sfcoin_v2/lib/Cake/Routing/Dispatcher.php(193): Controller->invokeAction(Object(CakeRequest))
#10 /Applications/MAMP/htdocs/sfcoin_v2/lib/Cake/Routing/Dispatcher.php(167): Dispatcher->_invoke(Object(SentController), Object(CakeRequest))
#11 /Applications/MAMP/htdocs/sfcoin_v2/app/webroot/index.php(118): Dispatcher->dispatch(Object(CakeRequest), Object(CakeResponse))
#12 {main}
2015-08-31 17:10:10 Error: [PDOException] SQLSTATE[42S22]: Column not found: 1054 Unknown column 'Wallet.walletcoin' in 'field list'
Request URL: /sfcoin_v2/sent/action
Stack Trace:
#0 /Applications/MAMP/htdocs/sfcoin_v2/lib/Cake/Model/Datasource/DboSource.php(460): PDOStatement->execute(Array)
#1 /Applications/MAMP/htdocs/sfcoin_v2/lib/Cake/Model/Datasource/DboSource.php(426): DboSource->_execute('SELECT `Wallet`...', Array)
#2 /Applications/MAMP/htdocs/sfcoin_v2/lib/Cake/Model/Datasource/DboSource.php(668): DboSource->execute('SELECT `Wallet`...', Array, Array)
#3 /Applications/MAMP/htdocs/sfcoin_v2/lib/Cake/Model/Datasource/DboSource.php(1106): DboSource->fetchAll('SELECT `Wallet`...', false)
#4 /Applications/MAMP/htdocs/sfcoin_v2/lib/Cake/Model/Model.php(3022): DboSource->read(Object(Wallet), Array)
#5 /Applications/MAMP/htdocs/sfcoin_v2/lib/Cake/Model/Model.php(2994): Model->_readDataSource('all', Array)
#6 /Applications/MAMP/htdocs/sfcoin_v2/app/Controller/SentController.php(46): Model->find('all', Array)
#7 [internal function]: SentController->action()
#8 /Applications/MAMP/htdocs/sfcoin_v2/lib/Cake/Controller/Controller.php(490): ReflectionMethod->invokeArgs(Object(SentController), Array)
#9 /Applications/MAMP/htdocs/sfcoin_v2/lib/Cake/Routing/Dispatcher.php(193): Controller->invokeAction(Object(CakeRequest))
#10 /Applications/MAMP/htdocs/sfcoin_v2/lib/Cake/Routing/Dispatcher.php(167): Dispatcher->_invoke(Object(SentController), Object(CakeRequest))
#11 /Applications/MAMP/htdocs/sfcoin_v2/app/webroot/index.php(118): Dispatcher->dispatch(Object(CakeRequest), Object(CakeResponse))
#12 {main}
2015-09-16 07:12:35 Error: [MissingControllerException] Controller class MiningController could not be found.
Exception Attributes: array (
  'class' => 'MiningController',
  'plugin' => NULL,
)
Request URL: /sfcoin_v2/mining/
Stack Trace:
#0 /Applications/MAMP/htdocs/sfcoin_v2/app/webroot/index.php(118): Dispatcher->dispatch(Object(CakeRequest), Object(CakeResponse))
#1 {main}
2015-09-16 08:07:53 Error: Fatal Error (1): Class 'Sanitize' not found in [/Applications/MAMP/htdocs/sfcoin_v2/app/Controller/MiningController.php, line 18]
2015-09-16 08:07:53 Error: [FatalErrorException] Class 'Sanitize' not found
Request URL: /sfcoin_v2/mining/request
Stack Trace:
#0 /Applications/MAMP/htdocs/sfcoin_v2/lib/Cake/Error/ErrorHandler.php(213): ErrorHandler::handleFatalError(1, 'Class 'Sanitize...', '/Applications/M...', 18)
#1 [internal function]: ErrorHandler::handleError(1, 'Class 'Sanitize...', '/Applications/M...', 18, Array)
#2 /Applications/MAMP/htdocs/sfcoin_v2/lib/Cake/Core/App.php(933): call_user_func('ErrorHandler::h...', 1, 'Class 'Sanitize...', '/Applications/M...', 18, Array)
#3 /Applications/MAMP/htdocs/sfcoin_v2/lib/Cake/Core/App.php(906): App::_checkFatalError()
#4 [internal function]: App::shutdown()
#5 {main}
2015-09-16 08:08:48 Error: Fatal Error (1): Call to a member function setFlash() on null in [/Applications/MAMP/htdocs/sfcoin_v2/app/Controller/MiningController.php, line 26]
2015-09-16 08:08:48 Error: [FatalErrorException] Call to a member function setFlash() on null
Request URL: /sfcoin_v2/mining/request
Stack Trace:
#0 /Applications/MAMP/htdocs/sfcoin_v2/lib/Cake/Error/ErrorHandler.php(213): ErrorHandler::handleFatalError(1, 'Call to a membe...', '/Applications/M...', 26)
#1 [internal function]: ErrorHandler::handleError(1, 'Call to a membe...', '/Applications/M...', 26, Array)
#2 /Applications/MAMP/htdocs/sfcoin_v2/lib/Cake/Core/App.php(933): call_user_func('ErrorHandler::h...', 1, 'Call to a membe...', '/Applications/M...', 26, Array)
#3 /Applications/MAMP/htdocs/sfcoin_v2/lib/Cake/Core/App.php(906): App::_checkFatalError()
#4 [internal function]: App::shutdown()
#5 {main}
2015-09-16 08:09:04 Error: [PDOException] SQLSTATE[42S22]: Column not found: 1054 Unknown column 'user.name' in 'where clause'
Request URL: /sfcoin_v2/mining/request
Stack Trace:
#0 /Applications/MAMP/htdocs/sfcoin_v2/lib/Cake/Model/Datasource/DboSource.php(460): PDOStatement->execute(Array)
#1 /Applications/MAMP/htdocs/sfcoin_v2/lib/Cake/Model/Datasource/DboSource.php(426): DboSource->_execute('SELECT `User`.`...', Array)
#2 /Applications/MAMP/htdocs/sfcoin_v2/lib/Cake/Model/Datasource/DboSource.php(668): DboSource->execute('SELECT `User`.`...', Array, Array)
#3 /Applications/MAMP/htdocs/sfcoin_v2/lib/Cake/Model/Datasource/DboSource.php(1106): DboSource->fetchAll('SELECT `User`.`...', false)
#4 /Applications/MAMP/htdocs/sfcoin_v2/lib/Cake/Model/Model.php(3022): DboSource->read(Object(User), Array)
#5 /Applications/MAMP/htdocs/sfcoin_v2/lib/Cake/Model/Model.php(2994): Model->_readDataSource('all', Array)
#6 /Applications/MAMP/htdocs/sfcoin_v2/app/Controller/MiningController.php(21): Model->find('all', Array)
#7 [internal function]: MiningController->request()
#8 /Applications/MAMP/htdocs/sfcoin_v2/lib/Cake/Controller/Controller.php(490): ReflectionMethod->invokeArgs(Object(MiningController), Array)
#9 /Applications/MAMP/htdocs/sfcoin_v2/lib/Cake/Routing/Dispatcher.php(193): Controller->invokeAction(Object(CakeRequest))
#10 /Applications/MAMP/htdocs/sfcoin_v2/lib/Cake/Routing/Dispatcher.php(167): Dispatcher->_invoke(Object(MiningController), Object(CakeRequest))
#11 /Applications/MAMP/htdocs/sfcoin_v2/app/webroot/index.php(118): Dispatcher->dispatch(Object(CakeRequest), Object(CakeResponse))
#12 {main}
2015-09-16 08:09:49 Error: Fatal Error (1): Call to a member function setFlash() on null in [/Applications/MAMP/htdocs/sfcoin_v2/app/Controller/MiningController.php, line 26]
2015-09-16 08:09:49 Error: [FatalErrorException] Call to a member function setFlash() on null
Request URL: /sfcoin_v2/mining/request
Stack Trace:
#0 /Applications/MAMP/htdocs/sfcoin_v2/lib/Cake/Error/ErrorHandler.php(213): ErrorHandler::handleFatalError(1, 'Call to a membe...', '/Applications/M...', 26)
#1 [internal function]: ErrorHandler::handleError(1, 'Call to a membe...', '/Applications/M...', 26, Array)
#2 /Applications/MAMP/htdocs/sfcoin_v2/lib/Cake/Core/App.php(933): call_user_func('ErrorHandler::h...', 1, 'Call to a membe...', '/Applications/M...', 26, Array)
#3 /Applications/MAMP/htdocs/sfcoin_v2/lib/Cake/Core/App.php(906): App::_checkFatalError()
#4 [internal function]: App::shutdown()
#5 {main}
2015-09-16 08:17:52 Error: Fatal Error (1): Call to a member function setFlash() on null in [/Applications/MAMP/htdocs/sfcoin_v2/app/Controller/MiningController.php, line 23]
2015-09-16 08:17:52 Error: [FatalErrorException] Call to a member function setFlash() on null
Request URL: /sfcoin_v2/mining/request
Stack Trace:
#0 /Applications/MAMP/htdocs/sfcoin_v2/lib/Cake/Error/ErrorHandler.php(213): ErrorHandler::handleFatalError(1, 'Call to a membe...', '/Applications/M...', 23)
#1 [internal function]: ErrorHandler::handleError(1, 'Call to a membe...', '/Applications/M...', 23, Array)
#2 /Applications/MAMP/htdocs/sfcoin_v2/lib/Cake/Core/App.php(933): call_user_func('ErrorHandler::h...', 1, 'Call to a membe...', '/Applications/M...', 23, Array)
#3 /Applications/MAMP/htdocs/sfcoin_v2/lib/Cake/Core/App.php(906): App::_checkFatalError()
#4 [internal function]: App::shutdown()
#5 {main}
2015-09-16 08:18:51 Error: Fatal Error (1): Call to a member function setFlash() on null in [/Applications/MAMP/htdocs/sfcoin_v2/app/Controller/MiningController.php, line 23]
2015-09-16 08:18:51 Error: [FatalErrorException] Call to a member function setFlash() on null
Request URL: /sfcoin_v2/mining/request
Stack Trace:
#0 /Applications/MAMP/htdocs/sfcoin_v2/lib/Cake/Error/ErrorHandler.php(213): ErrorHandler::handleFatalError(1, 'Call to a membe...', '/Applications/M...', 23)
#1 [internal function]: ErrorHandler::handleError(1, 'Call to a membe...', '/Applications/M...', 23, Array)
#2 /Applications/MAMP/htdocs/sfcoin_v2/lib/Cake/Core/App.php(933): call_user_func('ErrorHandler::h...', 1, 'Call to a membe...', '/Applications/M...', 23, Array)
#3 /Applications/MAMP/htdocs/sfcoin_v2/lib/Cake/Core/App.php(906): App::_checkFatalError()
#4 [internal function]: App::shutdown()
#5 {main}
2015-09-16 08:29:43 Error: Fatal Error (4): syntax error, unexpected ')' in [/Applications/MAMP/htdocs/sfcoin_v2/app/Controller/MiningController.php, line 28]
2015-09-16 08:29:43 Error: [FatalErrorException] syntax error, unexpected ')'
Request URL: /sfcoin_v2/mining/
Stack Trace:
#0 /Applications/MAMP/htdocs/sfcoin_v2/lib/Cake/Error/ErrorHandler.php(213): ErrorHandler::handleFatalError(4, 'syntax error, u...', '/Applications/M...', 28)
#1 [internal function]: ErrorHandler::handleError(4, 'syntax error, u...', '/Applications/M...', 28, Array)
#2 /Applications/MAMP/htdocs/sfcoin_v2/lib/Cake/Core/App.php(933): call_user_func('ErrorHandler::h...', 4, 'syntax error, u...', '/Applications/M...', 28, Array)
#3 /Applications/MAMP/htdocs/sfcoin_v2/lib/Cake/Core/App.php(906): App::_checkFatalError()
#4 [internal function]: App::shutdown()
#5 {main}
2015-09-16 09:31:33 Error: Fatal Error (4): syntax error, unexpected ''conditions'' (T_CONSTANT_ENCAPSED_STRING), expecting ')' in [/Applications/MAMP/htdocs/sfcoin_v2/app/Controller/MiningController.php, line 34]
2015-09-16 09:31:33 Error: [FatalErrorException] syntax error, unexpected ''conditions'' (T_CONSTANT_ENCAPSED_STRING), expecting ')'
Request URL: /sfcoin_v2/mining/
Stack Trace:
#0 /Applications/MAMP/htdocs/sfcoin_v2/lib/Cake/Error/ErrorHandler.php(213): ErrorHandler::handleFatalError(4, 'syntax error, u...', '/Applications/M...', 34)
#1 [internal function]: ErrorHandler::handleError(4, 'syntax error, u...', '/Applications/M...', 34, Array)
#2 /Applications/MAMP/htdocs/sfcoin_v2/lib/Cake/Core/App.php(933): call_user_func('ErrorHandler::h...', 4, 'syntax error, u...', '/Applications/M...', 34, Array)
#3 /Applications/MAMP/htdocs/sfcoin_v2/lib/Cake/Core/App.php(906): App::_checkFatalError()
#4 [internal function]: App::shutdown()
#5 {main}
2015-09-16 10:16:44 Error: [MissingActionException] Action MiningController::r() could not be found.
Exception Attributes: array (
  'controller' => 'MiningController',
  'action' => 'r',
)
Request URL: /sfcoin_v2/mining/r
Stack Trace:
#0 /Applications/MAMP/htdocs/sfcoin_v2/lib/Cake/Routing/Dispatcher.php(193): Controller->invokeAction(Object(CakeRequest))
#1 /Applications/MAMP/htdocs/sfcoin_v2/lib/Cake/Routing/Dispatcher.php(167): Dispatcher->_invoke(Object(MiningController), Object(CakeRequest))
#2 /Applications/MAMP/htdocs/sfcoin_v2/app/webroot/index.php(118): Dispatcher->dispatch(Object(CakeRequest), Object(CakeResponse))
#3 {main}
2015-09-16 10:16:51 Error: Fatal Error (1): Call to undefined function dijkstra() in [/Applications/MAMP/htdocs/sfcoin_v2/app/Controller/MiningController.php, line 52]
2015-09-16 10:16:51 Error: [FatalErrorException] Call to undefined function dijkstra()
Request URL: /sfcoin_v2/mining/request
Stack Trace:
#0 /Applications/MAMP/htdocs/sfcoin_v2/lib/Cake/Error/ErrorHandler.php(213): ErrorHandler::handleFatalError(1, 'Call to undefin...', '/Applications/M...', 52)
#1 [internal function]: ErrorHandler::handleError(1, 'Call to undefin...', '/Applications/M...', 52, Array)
#2 /Applications/MAMP/htdocs/sfcoin_v2/lib/Cake/Core/App.php(933): call_user_func('ErrorHandler::h...', 1, 'Call to undefin...', '/Applications/M...', 52, Array)
#3 /Applications/MAMP/htdocs/sfcoin_v2/lib/Cake/Core/App.php(906): App::_checkFatalError()
#4 [internal function]: App::shutdown()
#5 {main}
2015-09-16 10:20:36 Error: Fatal Error (1): Call to undefined function _dijkstra() in [/Applications/MAMP/htdocs/sfcoin_v2/app/Controller/MiningController.php, line 52]
2015-09-16 10:20:36 Error: [FatalErrorException] Call to undefined function _dijkstra()
Request URL: /sfcoin_v2/mining/request
Stack Trace:
#0 /Applications/MAMP/htdocs/sfcoin_v2/lib/Cake/Error/ErrorHandler.php(213): ErrorHandler::handleFatalError(1, 'Call to undefin...', '/Applications/M...', 52)
#1 [internal function]: ErrorHandler::handleError(1, 'Call to undefin...', '/Applications/M...', 52, Array)
#2 /Applications/MAMP/htdocs/sfcoin_v2/lib/Cake/Core/App.php(933): call_user_func('ErrorHandler::h...', 1, 'Call to undefin...', '/Applications/M...', 52, Array)
#3 /Applications/MAMP/htdocs/sfcoin_v2/lib/Cake/Core/App.php(906): App::_checkFatalError()
#4 [internal function]: App::shutdown()
#5 {main}
2015-09-16 10:20:45 Error: Fatal Error (1): Call to undefined function _dijkstra() in [/Applications/MAMP/htdocs/sfcoin_v2/app/Controller/MiningController.php, line 52]
2015-09-16 10:20:45 Error: [FatalErrorException] Call to undefined function _dijkstra()
Request URL: /sfcoin_v2/mining/request
Stack Trace:
#0 /Applications/MAMP/htdocs/sfcoin_v2/lib/Cake/Error/ErrorHandler.php(213): ErrorHandler::handleFatalError(1, 'Call to undefin...', '/Applications/M...', 52)
#1 [internal function]: ErrorHandler::handleError(1, 'Call to undefin...', '/Applications/M...', 52, Array)
#2 /Applications/MAMP/htdocs/sfcoin_v2/lib/Cake/Core/App.php(933): call_user_func('ErrorHandler::h...', 1, 'Call to undefin...', '/Applications/M...', 52, Array)
#3 /Applications/MAMP/htdocs/sfcoin_v2/lib/Cake/Core/App.php(906): App::_checkFatalError()
#4 [internal function]: App::shutdown()
#5 {main}
2015-09-16 10:23:26 Error: Fatal Error (1): Call to undefined function _dijkstra() in [/Applications/MAMP/htdocs/sfcoin_v2/app/Controller/MiningController.php, line 52]
2015-09-16 10:23:26 Error: [FatalErrorException] Call to undefined function _dijkstra()
Request URL: /sfcoin_v2/mining/request
Stack Trace:
#0 /Applications/MAMP/htdocs/sfcoin_v2/lib/Cake/Error/ErrorHandler.php(213): ErrorHandler::handleFatalError(1, 'Call to undefin...', '/Applications/M...', 52)
#1 [internal function]: ErrorHandler::handleError(1, 'Call to undefin...', '/Applications/M...', 52, Array)
#2 /Applications/MAMP/htdocs/sfcoin_v2/lib/Cake/Core/App.php(933): call_user_func('ErrorHandler::h...', 1, 'Call to undefin...', '/Applications/M...', 52, Array)
#3 /Applications/MAMP/htdocs/sfcoin_v2/lib/Cake/Core/App.php(906): App::_checkFatalError()
#4 [internal function]: App::shutdown()
#5 {main}
2015-09-16 10:26:46 Error: Fatal Error (1): Call to undefined function _dijkstra() in [/Applications/MAMP/htdocs/sfcoin_v2/app/Controller/MiningController.php, line 52]
2015-09-16 10:26:46 Error: [FatalErrorException] Call to undefined function _dijkstra()
Request URL: /sfcoin_v2/mining/request
Stack Trace:
#0 /Applications/MAMP/htdocs/sfcoin_v2/lib/Cake/Error/ErrorHandler.php(213): ErrorHandler::handleFatalError(1, 'Call to undefin...', '/Applications/M...', 52)
#1 [internal function]: ErrorHandler::handleError(1, 'Call to undefin...', '/Applications/M...', 52, Array)
#2 /Applications/MAMP/htdocs/sfcoin_v2/lib/Cake/Core/App.php(933): call_user_func('ErrorHandler::h...', 1, 'Call to undefin...', '/Applications/M...', 52, Array)
#3 /Applications/MAMP/htdocs/sfcoin_v2/lib/Cake/Core/App.php(906): App::_checkFatalError()
#4 [internal function]: App::shutdown()
#5 {main}
2015-09-16 10:28:38 Error: Fatal Error (1): Maximum execution time of 30 seconds exceeded in [/Applications/MAMP/htdocs/sfcoin_v2/lib/Cake/Utility/Debugger.php, line 773]
2015-09-16 10:28:38 Error: [FatalErrorException] Maximum execution time of 30 seconds exceeded
Request URL: /sfcoin_v2/mining/request
Stack Trace:
#0 /Applications/MAMP/htdocs/sfcoin_v2/lib/Cake/Error/ErrorHandler.php(213): ErrorHandler::handleFatalError(1, 'Maximum executi...', '/Applications/M...', 773)
#1 [internal function]: ErrorHandler::handleError(1, 'Maximum executi...', '/Applications/M...', 773, Array)
#2 /Applications/MAMP/htdocs/sfcoin_v2/lib/Cake/Core/App.php(933): call_user_func('ErrorHandler::h...', 1, 'Maximum executi...', '/Applications/M...', 773, Array)
#3 /Applications/MAMP/htdocs/sfcoin_v2/lib/Cake/Core/App.php(906): App::_checkFatalError()
#4 [internal function]: App::shutdown()
#5 {main}
2015-09-17 04:54:48 Error: [MissingControllerException] Controller class UsersController could not be found.
Exception Attributes: array (
  'class' => 'UsersController',
  'plugin' => NULL,
)
Request URL: /sfcoin_v2/users/login
Stack Trace:
#0 /Applications/MAMP/htdocs/sfcoin_v2/app/webroot/index.php(118): Dispatcher->dispatch(Object(CakeRequest), Object(CakeResponse))
#1 {main}
2015-09-17 04:54:51 Error: [MissingActionException] Action UserController::index() could not be found.
Exception Attributes: array (
  'controller' => 'UserController',
  'action' => 'index',
)
Request URL: /sfcoin_v2/user
Stack Trace:
#0 /Applications/MAMP/htdocs/sfcoin_v2/lib/Cake/Routing/Dispatcher.php(193): Controller->invokeAction(Object(CakeRequest))
#1 /Applications/MAMP/htdocs/sfcoin_v2/lib/Cake/Routing/Dispatcher.php(167): Dispatcher->_invoke(Object(UserController), Object(CakeRequest))
#2 /Applications/MAMP/htdocs/sfcoin_v2/app/webroot/index.php(118): Dispatcher->dispatch(Object(CakeRequest), Object(CakeResponse))
#3 {main}
2015-09-17 04:57:06 Error: [MissingViewException] View file "User/login.ctp" is missing.
Exception Attributes: array (
  'file' => 'User/login.ctp',
)
Request URL: /sfcoin_v2/user/login
Stack Trace:
#0 /Applications/MAMP/htdocs/sfcoin_v2/lib/Cake/View/View.php(470): View->_getViewFileName(NULL)
#1 /Applications/MAMP/htdocs/sfcoin_v2/lib/Cake/Controller/Controller.php(960): View->render(NULL, NULL)
#2 /Applications/MAMP/htdocs/sfcoin_v2/lib/Cake/Routing/Dispatcher.php(200): Controller->render()
#3 /Applications/MAMP/htdocs/sfcoin_v2/lib/Cake/Routing/Dispatcher.php(167): Dispatcher->_invoke(Object(UserController), Object(CakeRequest))
#4 /Applications/MAMP/htdocs/sfcoin_v2/app/webroot/index.php(118): Dispatcher->dispatch(Object(CakeRequest), Object(CakeResponse))
#5 {main}
2015-09-17 04:57:41 Error: [MissingViewException] View file "User/login.ctp" is missing.
Exception Attributes: array (
  'file' => 'User/login.ctp',
)
Request URL: /sfcoin_v2/user/login
Stack Trace:
#0 /Applications/MAMP/htdocs/sfcoin_v2/lib/Cake/View/View.php(470): View->_getViewFileName(NULL)
#1 /Applications/MAMP/htdocs/sfcoin_v2/lib/Cake/Controller/Controller.php(960): View->render(NULL, NULL)
#2 /Applications/MAMP/htdocs/sfcoin_v2/lib/Cake/Routing/Dispatcher.php(200): Controller->render()
#3 /Applications/MAMP/htdocs/sfcoin_v2/lib/Cake/Routing/Dispatcher.php(167): Dispatcher->_invoke(Object(UserController), Object(CakeRequest))
#4 /Applications/MAMP/htdocs/sfcoin_v2/app/webroot/index.php(118): Dispatcher->dispatch(Object(CakeRequest), Object(CakeResponse))
#5 {main}
2015-09-17 05:13:21 Error: [MissingActionException] Action UserController::index() could not be found.
Exception Attributes: array (
  'controller' => 'UserController',
  'action' => 'index',
)
Request URL: /sfcoin_v2/user/
Stack Trace:
#0 /Applications/MAMP/htdocs/sfcoin_v2/lib/Cake/Routing/Dispatcher.php(193): Controller->invokeAction(Object(CakeRequest))
#1 /Applications/MAMP/htdocs/sfcoin_v2/lib/Cake/Routing/Dispatcher.php(167): Dispatcher->_invoke(Object(UserController), Object(CakeRequest))
#2 /Applications/MAMP/htdocs/sfcoin_v2/app/webroot/index.php(118): Dispatcher->dispatch(Object(CakeRequest), Object(CakeResponse))
#3 {main}
2015-09-17 05:18:50 Error: [MissingControllerException] Controller class UsersController could not be found.
Exception Attributes: array (
  'class' => 'UsersController',
  'plugin' => NULL,
)
Request URL: /sfcoin_v2/users/login
Stack Trace:
#0 /Applications/MAMP/htdocs/sfcoin_v2/app/webroot/index.php(118): Dispatcher->dispatch(Object(CakeRequest), Object(CakeResponse))
#1 {main}
2015-09-17 05:28:35 Error: Fatal Error (4): syntax error, unexpected end of file, expecting function (T_FUNCTION) in [/Applications/MAMP/htdocs/sfcoin_v2/app/Controller/UserController.php, line 36]
2015-09-17 05:28:35 Error: [FatalErrorException] syntax error, unexpected end of file, expecting function (T_FUNCTION)
Request URL: /sfcoin_v2/user/add
Stack Trace:
#0 /Applications/MAMP/htdocs/sfcoin_v2/lib/Cake/Error/ErrorHandler.php(213): ErrorHandler::handleFatalError(4, 'syntax error, u...', '/Applications/M...', 36)
#1 [internal function]: ErrorHandler::handleError(4, 'syntax error, u...', '/Applications/M...', 36, Array)
#2 /Applications/MAMP/htdocs/sfcoin_v2/lib/Cake/Core/App.php(933): call_user_func('ErrorHandler::h...', 4, 'syntax error, u...', '/Applications/M...', 36, Array)
#3 /Applications/MAMP/htdocs/sfcoin_v2/lib/Cake/Core/App.php(906): App::_checkFatalError()
#4 [internal function]: App::shutdown()
#5 {main}
2015-09-17 05:37:24 Error: [MissingControllerException] Controller class UsersController could not be found.
Exception Attributes: array (
  'class' => 'UsersController',
  'plugin' => NULL,
)
Request URL: /sfcoin_v2/users/login
Stack Trace:
#0 /Applications/MAMP/htdocs/sfcoin_v2/app/webroot/index.php(118): Dispatcher->dispatch(Object(CakeRequest), Object(CakeResponse))
#1 {main}
2015-09-17 05:38:09 Error: [MissingControllerException] Controller class UsersController could not be found.
Exception Attributes: array (
  'class' => 'UsersController',
  'plugin' => NULL,
)
Request URL: /sfcoin_v2/users/login
Stack Trace:
#0 /Applications/MAMP/htdocs/sfcoin_v2/app/webroot/index.php(118): Dispatcher->dispatch(Object(CakeRequest), Object(CakeResponse))
#1 {main}
2015-09-17 05:38:10 Error: [MissingControllerException] Controller class UsersController could not be found.
Exception Attributes: array (
  'class' => 'UsersController',
  'plugin' => NULL,
)
Request URL: /sfcoin_v2/users/login
Stack Trace:
#0 /Applications/MAMP/htdocs/sfcoin_v2/app/webroot/index.php(118): Dispatcher->dispatch(Object(CakeRequest), Object(CakeResponse))
#1 {main}
